1479496179.453606 client started (9807): socket /tmp/tmux-1000/default, protocol 8
1479496179.453627 on Linux 4.8.0-27-generic #29-Ubuntu SMP Thu Oct 20 21:03:13 UTC 2016; libevent 2.0.21-stable (poll)
1479496179.453641 socket is /tmp/tmux-1000/default
1479496179.453646 trying connect
1479496179.453695 add peer 0x55fa1343ff60: 6 ((nil))
1479496179.453763 sending message 100 to peer 0x55fa1343ff60 (4 bytes)
1479496179.453771 sending message 101 to peer 0x55fa1343ff60 (16 bytes)
1479496179.453775 sending message 102 to peer 0x55fa1343ff60 (11 bytes)
1479496179.453778 sending message 108 to peer 0x55fa1343ff60 (46 bytes)
1479496179.453782 sending message 104 to peer 0x55fa1343ff60 (0 bytes)
1479496179.453786 sending message 107 to peer 0x55fa1343ff60 (4 bytes)
1479496179.453790 sending message 105 to peer 0x55fa1343ff60 (20 bytes)
1479496179.453793 sending message 105 to peer 0x55fa1343ff60 (19 bytes)
1479496179.453796 sending message 105 to peer 0x55fa1343ff60 (25 bytes)
1479496179.453800 sending message 105 to peer 0x55fa1343ff60 (54 bytes)
1479496179.453803 sending message 105 to peer 0x55fa1343ff60 (52 bytes)
1479496179.453807 sending message 105 to peer 0x55fa1343ff60 (24 bytes)
1479496179.453810 sending message 105 to peer 0x55fa1343ff60 (13 bytes)
1479496179.453813 sending message 105 to peer 0x55fa1343ff60 (21 bytes)
1479496179.453816 sending message 105 to peer 0x55fa1343ff60 (19 bytes)
1479496179.453820 sending message 105 to peer 0x55fa1343ff60 (15 bytes)
1479496179.453823 sending message 105 to peer 0x55fa1343ff60 (21 bytes)
1479496179.453826 sending message 105 to peer 0x55fa1343ff60 (20 bytes)
1479496179.453829 sending message 105 to peer 0x55fa1343ff60 (20 bytes)
1479496179.453833 sending message 105 to peer 0x55fa1343ff60 (51 bytes)
1479496179.453836 sending message 105 to peer 0x55fa1343ff60 (17 bytes)
1479496179.453839 sending message 105 to peer 0x55fa1343ff60 (21 bytes)
1479496179.453842 sending message 105 to peer 0x55fa1343ff60 (15 bytes)
1479496179.453847 sending message 105 to peer 0x55fa1343ff60 (24 bytes)
1479496179.453851 sending message 105 to peer 0x55fa1343ff60 (18 bytes)
1479496179.453854 sending message 105 to peer 0x55fa1343ff60 (18 bytes)
1479496179.453857 sending message 105 to peer 0x55fa1343ff60 (10 bytes)
1479496179.453861 sending message 105 to peer 0x55fa1343ff60 (9 bytes)
1479496179.453864 sending message 105 to peer 0x55fa1343ff60 (17 bytes)
1479496179.453867 sending message 105 to peer 0x55fa1343ff60 (15 bytes)
1479496179.453870 sending message 105 to peer 0x55fa1343ff60 (34 bytes)
1479496179.453873 sending message 105 to peer 0x55fa1343ff60 (41 bytes)
1479496179.453877 sending message 105 to peer 0x55fa1343ff60 (25 bytes)
1479496179.453880 sending message 105 to peer 0x55fa1343ff60 (25 bytes)
1479496179.453883 sending message 105 to peer 0x55fa1343ff60 (21 bytes)
1479496179.453886 sending message 105 to peer 0x55fa1343ff60 (21 bytes)
1479496179.453890 sending message 105 to peer 0x55fa1343ff60 (28 bytes)
1479496179.453893 sending message 105 to peer 0x55fa1343ff60 (21 bytes)
1479496179.453896 sending message 105 to peer 0x55fa1343ff60 (25 bytes)
1479496179.453901 sending message 105 to peer 0x55fa1343ff60 (15 bytes)
1479496179.453904 sending message 105 to peer 0x55fa1343ff60 (1416 bytes)
1479496179.453918 sending message 105 to peer 0x55fa1343ff60 (55 bytes)
1479496179.453922 sending message 105 to peer 0x55fa1343ff60 (108 bytes)
1479496179.453925 sending message 105 to peer 0x55fa1343ff60 (51 bytes)
1479496179.453929 sending message 105 to peer 0x55fa1343ff60 (16 bytes)
1479496179.453932 sending message 105 to peer 0x55fa1343ff60 (26 bytes)
1479496179.453936 sending message 105 to peer 0x55fa1343ff60 (42 bytes)
1479496179.453939 sending message 105 to peer 0x55fa1343ff60 (46 bytes)
1479496179.453943 sending message 105 to peer 0x55fa1343ff60 (57 bytes)
1479496179.453946 sending message 105 to peer 0x55fa1343ff60 (20 bytes)
1479496179.453950 sending message 105 to peer 0x55fa1343ff60 (11 bytes)
1479496179.453953 sending message 105 to peer 0x55fa1343ff60 (188 bytes)
1479496179.453957 sending message 105 to peer 0x55fa1343ff60 (50 bytes)
1479496179.453967 sending message 105 to peer 0x55fa1343ff60 (15 bytes)
1479496179.453970 sending message 105 to peer 0x55fa1343ff60 (19 bytes)
1479496179.453974 sending message 105 to peer 0x55fa1343ff60 (14 bytes)
1479496179.453978 sending message 105 to peer 0x55fa1343ff60 (35 bytes)
1479496179.453981 sending message 105 to peer 0x55fa1343ff60 (22 bytes)
1479496179.453985 sending message 105 to peer 0x55fa1343ff60 (16 bytes)
1479496179.453988 sending message 105 to peer 0x55fa1343ff60 (13 bytes)
1479496179.453991 sending message 105 to peer 0x55fa1343ff60 (98 bytes)
1479496179.453995 sending message 105 to peer 0x55fa1343ff60 (19 bytes)
1479496179.453998 sending message 105 to peer 0x55fa1343ff60 (8 bytes)
1479496179.454002 sending message 105 to peer 0x55fa1343ff60 (41 bytes)
1479496179.454005 sending message 105 to peer 0x55fa1343ff60 (21 bytes)
1479496179.454009 sending message 105 to peer 0x55fa1343ff60 (19 bytes)
1479496179.454012 sending message 105 to peer 0x55fa1343ff60 (35 bytes)
1479496179.454015 sending message 105 to peer 0x55fa1343ff60 (13 bytes)
1479496179.454019 sending message 105 to peer 0x55fa1343ff60 (32 bytes)
1479496179.454022 sending message 105 to peer 0x55fa1343ff60 (18 bytes)
1479496179.454025 sending message 105 to peer 0x55fa1343ff60 (23 bytes)
1479496179.454029 sending message 105 to peer 0x55fa1343ff60 (68 bytes)
1479496179.454033 sending message 105 to peer 0x55fa1343ff60 (12 bytes)
1479496179.454036 sending message 105 to peer 0x55fa1343ff60 (21 bytes)
1479496179.454039 sending message 105 to peer 0x55fa1343ff60 (18 bytes)
1479496179.454043 sending message 105 to peer 0x55fa1343ff60 (36 bytes)
1479496179.454046 sending message 105 to peer 0x55fa1343ff60 (78 bytes)
1479496179.454049 sending message 105 to peer 0x55fa1343ff60 (25 bytes)
1479496179.454053 sending message 105 to peer 0x55fa1343ff60 (114 bytes)
1479496179.454056 sending message 105 to peer 0x55fa1343ff60 (50 bytes)
1479496179.454059 sending message 105 to peer 0x55fa1343ff60 (22 bytes)
1479496179.454063 sending message 105 to peer 0x55fa1343ff60 (31 bytes)
1479496179.454066 sending message 105 to peer 0x55fa1343ff60 (15 bytes)
1479496179.454069 sending message 105 to peer 0x55fa1343ff60 (52 bytes)
1479496179.454073 sending message 105 to peer 0x55fa1343ff60 (28 bytes)
1479496179.454076 sending message 105 to peer 0x55fa1343ff60 (18 bytes)
1479496179.454079 sending message 105 to peer 0x55fa1343ff60 (58 bytes)
1479496179.454083 sending message 105 to peer 0x55fa1343ff60 (21 bytes)
1479496179.454087 sending message 105 to peer 0x55fa1343ff60 (11 bytes)
1479496179.454090 sending message 105 to peer 0x55fa1343ff60 (12 bytes)
1479496179.454093 sending message 105 to peer 0x55fa1343ff60 (16 bytes)
1479496179.454096 sending message 105 to peer 0x55fa1343ff60 (16 bytes)
1479496179.454100 sending message 106 to peer 0x55fa1343ff60 (0 bytes)
1479496179.454104 sending message 200 to peer 0x55fa1343ff60 (4 bytes)
1479496179.454107 client loop enter
1479496179.454400 peer 0x55fa1343ff60 message 211
1479496179.454419 peer 0x55fa1343ff60 message 203
1479496179.454424 client loop exit
